<?xml version="1.0" encoding="UTF-8"?>
<coverage generated="1590648045799" clover="3.2.0">
  <project timestamp="1590648045799" name="All files">
    <metrics statements="46" coveredstatements="44" conditionals="25" coveredconditionals="18" methods="4" coveredmethods="4" elements="75" coveredelements="66" complexity="0" loc="46" ncloc="46" packages="6" files="7" classes="7"/>
    <package name="craco-profile">
      <metrics statements="41" coveredstatements="39" conditionals="25" coveredconditionals="18" methods="4" coveredmethods="4"/>
      <file name="index.js" path="C:\Users\zhangtian\Project\Villain\web\craco-profile\index.js">
        <metrics statements="41" coveredstatements="39" conditionals="25" coveredconditionals="18" methods="4" coveredmethods="4"/>
        <line num="1" count="1" type="stmt"/>
        <line num="2" count="1" type="stmt"/>
        <line num="3" count="1" type="stmt"/>
        <line num="5" count="1" type="cond" truecount="0" falsecount="1"/>
        <line num="6" count="7" type="stmt"/>
        <line num="8" count="7" type="stmt"/>
        <line num="9" count="7" type="cond" truecount="2" falsecount="0"/>
        <line num="10" count="6" type="stmt"/>
        <line num="11" count="6" type="cond" truecount="2" falsecount="0"/>
        <line num="12" count="5" type="stmt"/>
        <line num="14" count="1" type="stmt"/>
        <line num="17" count="1" type="stmt"/>
        <line num="20" count="5" type="cond" truecount="2" falsecount="0"/>
        <line num="21" count="1" type="stmt"/>
        <line num="22" count="1" type="cond" truecount="1" falsecount="1"/>
        <line num="23" count="1" type="stmt"/>
        <line num="24" count="1" type="cond" truecount="1" falsecount="1"/>
        <line num="25" count="1" type="stmt"/>
        <line num="27" count="0" type="stmt"/>
        <line num="30" count="0" type="stmt"/>
        <line num="34" count="5" type="stmt"/>
        <line num="37" count="1" type="stmt"/>
        <line num="39" count="1" type="stmt"/>
        <line num="44" count="7" type="stmt"/>
        <line num="45" count="7" type="stmt"/>
        <line num="49" count="7" type="cond" truecount="2" falsecount="0"/>
        <line num="50" count="1" type="stmt"/>
        <line num="52" count="7" type="stmt"/>
        <line num="54" count="5" type="cond" truecount="2" falsecount="0"/>
        <line num="55" count="1" type="stmt"/>
        <line num="60" count="6" type="cond" truecount="2" falsecount="0"/>
        <line num="61" count="1" type="stmt"/>
        <line num="64" count="5" type="stmt"/>
        <line num="65" count="5" type="cond" truecount="2" falsecount="0"/>
        <line num="66" count="1" type="stmt"/>
        <line num="68" count="4" type="cond" truecount="1" falsecount="1"/>
        <line num="69" count="4" type="stmt"/>
        <line num="71" count="4" type="cond" truecount="1" falsecount="1"/>
        <line num="72" count="4" type="stmt"/>
        <line num="74" count="4" type="stmt"/>
        <line num="75" count="4" type="stmt"/>
      </file>
    </package>
    <package name="craco-profile.test1">
      <metrics statements="0" coveredstatements="0" conditionals="0" coveredconditionals="0" methods="0" coveredmethods="0"/>
      <file name="profile.js" path="C:\Users\zhangtian\Project\Villain\web\craco-profile\test1\profile.js">
        <metrics statements="0" coveredstatements="0" conditionals="0" coveredconditionals="0" methods="0" coveredmethods="0"/>
      </file>
    </package>
    <package name="craco-profile.test2">
      <metrics statements="1" coveredstatements="1" conditionals="0" coveredconditionals="0" methods="0" coveredmethods="0"/>
      <file name="profile.js" path="C:\Users\zhangtian\Project\Villain\web\craco-profile\test2\profile.js">
        <metrics statements="1" coveredstatements="1" conditionals="0" coveredconditionals="0" methods="0" coveredmethods="0"/>
        <line num="1" count="1" type="stmt"/>
      </file>
    </package>
    <package name="craco-profile.test3">
      <metrics statements="1" coveredstatements="1" conditionals="0" coveredconditionals="0" methods="0" coveredmethods="0"/>
      <file name="profile.js" path="C:\Users\zhangtian\Project\Villain\web\craco-profile\test3\profile.js">
        <metrics statements="1" coveredstatements="1" conditionals="0" coveredconditionals="0" methods="0" coveredmethods="0"/>
        <line num="1" count="1" type="stmt"/>
      </file>
    </package>
    <package name="craco-profile.test4">
      <metrics statements="2" coveredstatements="2" conditionals="0" coveredconditionals="0" methods="0" coveredmethods="0"/>
      <file name="profile.js" path="C:\Users\zhangtian\Project\Villain\web\craco-profile\test4\profile.js">
        <metrics statements="1" coveredstatements="1" conditionals="0" coveredconditionals="0" methods="0" coveredmethods="0"/>
        <line num="1" count="1" type="stmt"/>
      </file>
      <file name="profile.local.js" path="C:\Users\zhangtian\Project\Villain\web\craco-profile\test4\profile.local.js">
        <metrics statements="1" coveredstatements="1" conditionals="0" coveredconditionals="0" methods="0" coveredmethods="0"/>
        <line num="1" count="1" type="stmt"/>
      </file>
    </package>
    <package name="craco-profile.test5">
      <metrics statements="1" coveredstatements="1" conditionals="0" coveredconditionals="0" methods="0" coveredmethods="0"/>
      <file name="profile.js" path="C:\Users\zhangtian\Project\Villain\web\craco-profile\test5\profile.js">
        <metrics statements="1" coveredstatements="1" conditionals="0" coveredconditionals="0" methods="0" coveredmethods="0"/>
        <line num="1" count="1" type="stmt"/>
      </file>
    </package>
  </project>
</coverage>
