{"C:\\Users\\zhangtian\\Project\\Villain\\web\\craco-profile\\index.js": {"path":"C:\\Users\\zhangtian\\Project\\Villain\\web\\craco-profile\\index.js","statementMap":{"0":{"start":{"line":1,"column":18},"end":{"line":1,"column":38}},"1":{"start":{"line":2,"column":13},"end":{"line":2,"column":28}},"2":{"start":{"line":3,"column":11},"end":{"line":3,"column":24}},"3":{"start":{"line":5,"column":20},"end":{"line":35,"column":1}},"4":{"start":{"line":6,"column":16},"end":{"line":6,"column":30}},"5":{"start":{"line":8,"column":22},"end":{"line":8,"column":60}},"6":{"start":{"line":9,"column":2},"end":{"line":18,"column":3}},"7":{"start":{"line":10,"column":21},"end":{"line":10,"column":41}},"8":{"start":{"line":11,"column":4},"end":{"line":15,"column":5}},"9":{"start":{"line":12,"column":6},"end":{"line":12,"column":55}},"10":{"start":{"line":14,"column":6},"end":{"line":14,"column":52}},"11":{"start":{"line":17,"column":4},"end":{"line":17,"column":48}},"12":{"start":{"line":20,"column":2},"end":{"line":32,"column":3}},"13":{"start":{"line":21,"column":29},"end":{"line":21,"column":73}},"14":{"start":{"line":22,"column":4},"end":{"line":31,"column":5}},"15":{"start":{"line":23,"column":28},"end":{"line":23,"column":53}},"16":{"start":{"line":24,"column":6},"end":{"line":28,"column":7}},"17":{"start":{"line":25,"column":8},"end":{"line":25,"column":62}},"18":{"start":{"line":27,"column":8},"end":{"line":27,"column":66}},"19":{"start":{"line":30,"column":6},"end":{"line":30,"column":62}},"20":{"start":{"line":34,"column":2},"end":{"line":34,"column":17}},"21":{"start":{"line":37,"column":20},"end":{"line":37,"column":24}},"22":{"start":{"line":39,"column":0},"end":{"line":77,"column":1}},"23":{"start":{"line":44,"column":22},"end":{"line":44,"column":27}},"24":{"start":{"line":45,"column":4},"end":{"line":48,"column":27}},"25":{"start":{"line":49,"column":4},"end":{"line":51,"column":5}},"26":{"start":{"line":50,"column":6},"end":{"line":50,"column":38}},"27":{"start":{"line":52,"column":4},"end":{"line":52,"column":69}},"28":{"start":{"line":54,"column":4},"end":{"line":56,"column":5}},"29":{"start":{"line":55,"column":6},"end":{"line":55,"column":59}},"30":{"start":{"line":60,"column":4},"end":{"line":62,"column":5}},"31":{"start":{"line":61,"column":6},"end":{"line":61,"column":47}},"32":{"start":{"line":64,"column":19},"end":{"line":64,"column":89}},"33":{"start":{"line":64,"column":51},"end":{"line":64,"column":88}},"34":{"start":{"line":65,"column":4},"end":{"line":67,"column":5}},"35":{"start":{"line":66,"column":6},"end":{"line":66,"column":47}},"36":{"start":{"line":68,"column":4},"end":{"line":70,"column":5}},"37":{"start":{"line":69,"column":6},"end":{"line":69,"column":30}},"38":{"start":{"line":71,"column":4},"end":{"line":73,"column":5}},"39":{"start":{"line":72,"column":6},"end":{"line":72,"column":45}},"40":{"start":{"line":74,"column":4},"end":{"line":74,"column":81}},"41":{"start":{"line":75,"column":4},"end":{"line":75,"column":25}}},"fnMap":{"0":{"name":"(anonymous_0)","decl":{"start":{"line":5,"column":20},"end":{"line":5,"column":21}},"loc":{"start":{"line":5,"column":62},"end":{"line":35,"column":1}},"line":5},"1":{"name":"(anonymous_1)","decl":{"start":{"line":40,"column":9},"end":{"line":40,"column":10}},"loc":{"start":{"line":43,"column":7},"end":{"line":57,"column":3}},"line":43},"2":{"name":"(anonymous_2)","decl":{"start":{"line":59,"column":25},"end":{"line":59,"column":26}},"loc":{"start":{"line":59,"column":48},"end":{"line":76,"column":3}},"line":59},"3":{"name":"(anonymous_3)","decl":{"start":{"line":64,"column":46},"end":{"line":64,"column":47}},"loc":{"start":{"line":64,"column":51},"end":{"line":64,"column":88}},"line":64}},"branchMap":{"0":{"loc":{"start":{"line":5,"column":39},"end":{"line":5,"column":57}},"type":"default-arg","locations":[{"start":{"line":5,"column":52},"end":{"line":5,"column":57}}],"line":5},"1":{"loc":{"start":{"line":9,"column":2},"end":{"line":18,"column":3}},"type":"if","locations":[{"start":{"line":9,"column":2},"end":{"line":18,"column":3}},{"start":{"line":9,"column":2},"end":{"line":18,"column":3}}],"line":9},"2":{"loc":{"start":{"line":11,"column":4},"end":{"line":15,"column":5}},"type":"if","locations":[{"start":{"line":11,"column":4},"end":{"line":15,"column":5}},{"start":{"line":11,"column":4},"end":{"line":15,"column":5}}],"line":11},"3":{"loc":{"start":{"line":20,"column":2},"end":{"line":32,"column":3}},"type":"if","locations":[{"start":{"line":20,"column":2},"end":{"line":32,"column":3}},{"start":{"line":20,"column":2},"end":{"line":32,"column":3}}],"line":20},"4":{"loc":{"start":{"line":22,"column":4},"end":{"line":31,"column":5}},"type":"if","locations":[{"start":{"line":22,"column":4},"end":{"line":31,"column":5}},{"start":{"line":22,"column":4},"end":{"line":31,"column":5}}],"line":22},"5":{"loc":{"start":{"line":24,"column":6},"end":{"line":28,"column":7}},"type":"if","locations":[{"start":{"line":24,"column":6},"end":{"line":28,"column":7}},{"start":{"line":24,"column":6},"end":{"line":28,"column":7}}],"line":24},"6":{"loc":{"start":{"line":41,"column":4},"end":{"line":41,"column":30}},"type":"default-arg","locations":[{"start":{"line":41,"column":17},"end":{"line":41,"column":30}}],"line":41},"7":{"loc":{"start":{"line":42,"column":4},"end":{"line":42,"column":54}},"type":"default-arg","locations":[{"start":{"line":42,"column":17},"end":{"line":42,"column":54}}],"line":42},"8":{"loc":{"start":{"line":49,"column":4},"end":{"line":51,"column":5}},"type":"if","locations":[{"start":{"line":49,"column":4},"end":{"line":51,"column":5}},{"start":{"line":49,"column":4},"end":{"line":51,"column":5}}],"line":49},"9":{"loc":{"start":{"line":54,"column":4},"end":{"line":56,"column":5}},"type":"if","locations":[{"start":{"line":54,"column":4},"end":{"line":56,"column":5}},{"start":{"line":54,"column":4},"end":{"line":56,"column":5}}],"line":54},"10":{"loc":{"start":{"line":60,"column":4},"end":{"line":62,"column":5}},"type":"if","locations":[{"start":{"line":60,"column":4},"end":{"line":62,"column":5}},{"start":{"line":60,"column":4},"end":{"line":62,"column":5}}],"line":60},"11":{"loc":{"start":{"line":65,"column":4},"end":{"line":67,"column":5}},"type":"if","locations":[{"start":{"line":65,"column":4},"end":{"line":67,"column":5}},{"start":{"line":65,"column":4},"end":{"line":67,"column":5}}],"line":65},"12":{"loc":{"start":{"line":68,"column":4},"end":{"line":70,"column":5}},"type":"if","locations":[{"start":{"line":68,"column":4},"end":{"line":70,"column":5}},{"start":{"line":68,"column":4},"end":{"line":70,"column":5}}],"line":68},"13":{"loc":{"start":{"line":71,"column":4},"end":{"line":73,"column":5}},"type":"if","locations":[{"start":{"line":71,"column":4},"end":{"line":73,"column":5}},{"start":{"line":71,"column":4},"end":{"line":73,"column":5}}],"line":71}},"s":{"0":1,"1":1,"2":1,"3":1,"4":7,"5":7,"6":7,"7":6,"8":6,"9":5,"10":1,"11":1,"12":5,"13":1,"14":1,"15":1,"16":1,"17":1,"18":0,"19":0,"20":5,"21":1,"22":1,"23":7,"24":7,"25":7,"26":1,"27":7,"28":5,"29":1,"30":6,"31":1,"32":5,"33":4,"34":5,"35":1,"36":4,"37":4,"38":4,"39":4,"40":4,"41":4},"f":{"0":7,"1":7,"2":6,"3":4},"b":{"0":[0],"1":[6,1],"2":[5,1],"3":[1,4],"4":[1,0],"5":[1,0],"6":[0],"7":[0],"8":[1,6],"9":[1,4],"10":[1,5],"11":[1,4],"12":[4,0],"13":[4,0]},"_coverageSchema":"1a1c01bbd47fc00a2c39e90264f33305004495a9","hash":"5dd1263be2a608c7bf937e18f3a25459c07348d5"}
,"C:\\Users\\zhangtian\\Project\\Villain\\web\\craco-profile\\test1\\profile.js": {"path":"C:\\Users\\zhangtian\\Project\\Villain\\web\\craco-profile\\test1\\profile.js","statementMap":{},"fnMap":{},"branchMap":{},"s":{},"f":{},"b":{},"_coverageSchema":"1a1c01bbd47fc00a2c39e90264f33305004495a9","hash":"da1c341dbf2afa9b85cdf60daa4a474db0028390"}
,"C:\\Users\\zhangtian\\Project\\Villain\\web\\craco-profile\\test2\\profile.js": {"path":"C:\\Users\\zhangtian\\Project\\Villain\\web\\craco-profile\\test2\\profile.js","statementMap":{"0":{"start":{"line":1,"column":0},"end":{"line":5,"column":2}}},"fnMap":{},"branchMap":{},"s":{"0":1},"f":{},"b":{},"_coverageSchema":"1a1c01bbd47fc00a2c39e90264f33305004495a9","hash":"874a319b9526ff3d53c94ffbd3a49cf530626ed4"}
,"C:\\Users\\zhangtian\\Project\\Villain\\web\\craco-profile\\test3\\profile.js": {"path":"C:\\Users\\zhangtian\\Project\\Villain\\web\\craco-profile\\test3\\profile.js","statementMap":{"0":{"start":{"line":1,"column":0},"end":{"line":6,"column":2}}},"fnMap":{},"branchMap":{},"s":{"0":1},"f":{},"b":{},"_coverageSchema":"1a1c01bbd47fc00a2c39e90264f33305004495a9","hash":"1cdb8534d5acc012b40ce85a0b0ad66792f9bb86"}
,"C:\\Users\\zhangtian\\Project\\Villain\\web\\craco-profile\\test4\\profile.js": {"path":"C:\\Users\\zhangtian\\Project\\Villain\\web\\craco-profile\\test4\\profile.js","statementMap":{"0":{"start":{"line":1,"column":0},"end":{"line":5,"column":2}}},"fnMap":{},"branchMap":{},"s":{"0":1},"f":{},"b":{},"_coverageSchema":"1a1c01bbd47fc00a2c39e90264f33305004495a9","hash":"904d24199cb50d5a2a81273689115b818b17f0aa"}
,"C:\\Users\\zhangtian\\Project\\Villain\\web\\craco-profile\\test4\\profile.local.js": {"path":"C:\\Users\\zhangtian\\Project\\Villain\\web\\craco-profile\\test4\\profile.local.js","statementMap":{"0":{"start":{"line":1,"column":0},"end":{"line":5,"column":2}}},"fnMap":{},"branchMap":{},"s":{"0":1},"f":{},"b":{},"_coverageSchema":"1a1c01bbd47fc00a2c39e90264f33305004495a9","hash":"5db8f03d850ca3696413548612fe36a79fe3373d"}
,"C:\\Users\\zhangtian\\Project\\Villain\\web\\craco-profile\\test5\\profile.js": {"path":"C:\\Users\\zhangtian\\Project\\Villain\\web\\craco-profile\\test5\\profile.js","statementMap":{"0":{"start":{"line":1,"column":0},"end":{"line":8,"column":2}}},"fnMap":{},"branchMap":{},"s":{"0":1},"f":{},"b":{},"_coverageSchema":"1a1c01bbd47fc00a2c39e90264f33305004495a9","hash":"03ab996d131a480d3512c0ad8d86b6be1a327125"}
}
