TN:
SF:index.js
FN:5,(anonymous_0)
FN:40,(anonymous_1)
FN:59,(anonymous_2)
FN:64,(anonymous_3)
FNF:4
FNH:4
FNDA:7,(anonymous_0)
FNDA:7,(anonymous_1)
FNDA:6,(anonymous_2)
FNDA:4,(anonymous_3)
DA:1,1
DA:2,1
DA:3,1
DA:5,1
DA:6,7
DA:8,7
DA:9,7
DA:10,6
DA:11,6
DA:12,5
DA:14,1
DA:17,1
DA:20,5
DA:21,1
DA:22,1
DA:23,1
DA:24,1
DA:25,1
DA:27,0
DA:30,0
DA:34,5
DA:37,1
DA:39,1
DA:44,7
DA:45,7
DA:49,7
DA:50,1
DA:52,7
DA:54,5
DA:55,1
DA:60,6
DA:61,1
DA:64,5
DA:65,5
DA:66,1
DA:68,4
DA:69,4
DA:71,4
DA:72,4
DA:74,4
DA:75,4
LF:41
LH:39
BRDA:5,0,0,0
BRDA:9,1,0,6
BRDA:9,1,1,1
BRDA:11,2,0,5
BRDA:11,2,1,1
BRDA:20,3,0,1
BRDA:20,3,1,4
BRDA:22,4,0,1
BRDA:22,4,1,0
BRDA:24,5,0,1
BRDA:24,5,1,0
BRDA:41,6,0,0
BRDA:42,7,0,0
BRDA:49,8,0,1
BRDA:49,8,1,6
BRDA:54,9,0,1
BRDA:54,9,1,4
BRDA:60,10,0,1
BRDA:60,10,1,5
BRDA:65,11,0,1
BRDA:65,11,1,4
BRDA:68,12,0,4
BRDA:68,12,1,0
BRDA:71,13,0,4
BRDA:71,13,1,0
BRF:25
BRH:18
end_of_record
TN:
SF:test1\profile.js
FNF:0
FNH:0
LF:0
LH:0
BRF:0
BRH:0
end_of_record
TN:
SF:test2\profile.js
FNF:0
FNH:0
DA:1,1
LF:1
LH:1
BRF:0
BRH:0
end_of_record
TN:
SF:test3\profile.js
FNF:0
FNH:0
DA:1,1
LF:1
LH:1
BRF:0
BRH:0
end_of_record
TN:
SF:test4\profile.js
FNF:0
FNH:0
DA:1,1
LF:1
LH:1
BRF:0
BRH:0
end_of_record
TN:
SF:test4\profile.local.js
FNF:0
FNH:0
DA:1,1
LF:1
LH:1
BRF:0
BRH:0
end_of_record
TN:
SF:test5\profile.js
FNF:0
FNH:0
DA:1,1
LF:1
LH:1
BRF:0
BRH:0
end_of_record
